app/build/outputs/logs/manifest-merger-debug-report.txt
-- Merging decision tree log ---
manifest
ADDED from src/main/AndroidManifest.xml:2:1-47:12
	package
		ADDED from src/main/AndroidManifest.xml:4:7-28
		INJECTED from src/main/AndroidManifest.xml
		INJECTED from src/main/AndroidManifest.xml
	android:versionName
		INJECTED from src/main/AndroidManifest.xml
		INJECTED from src/main/AndroidManifest.xml
	xmlns:tools
		ADDED from src/main/AndroidManifest.xml:5:7-53
	xmlns:android
		ADDED from src/main/AndroidManifest.xml:3:7-65
	android:versionCode
		INJECTED from src/main/AndroidManifest.xml
		INJECTED from src/main/AndroidManifest.xml
uses-permission#android.permission.ACCESS_WIFI_STATE
ADDED from src/main/AndroidManifest.xml:7:5-76
MERGED from [org.ros.android_core:android_10:0.2.0] AndroidManifest.xml:13:5-76
	android:name
		ADDED from src/main/AndroidManifest.xml:7:22-73
uses-permission#android.permission.CAMERA
ADDED from src/main/AndroidManifest.xml:8:5-65
	android:name
		ADDED from src/main/AndroidManifest.xml:8:22-62
uses-permission#android.permission.CHANGE_WIFI_STATE
ADDED from src/main/AndroidManifest.xml:9:5-76
MERGED from [org.ros.android_core:android_10:0.2.0] AndroidManifest.xml:14:5-76
	android:name
		ADDED from src/main/AndroidManifest.xml:9:22-73
uses-permission#android.permission.INTERNET
ADDED from src/main/AndroidManifest.xml:10:5-67
	android:name
		ADDED from src/main/AndroidManifest.xml:10:22-64
uses-permission#android.permission.WAKE_LOCK
ADDED from src/main/AndroidManifest.xml:11:5-68
MERGED from [org.ros.android_core:android_10:0.2.0] AndroidManifest.xml:15:5-68
	android:name
		ADDED from src/main/AndroidManifest.xml:11:22-65
uses-permission#android.permission.WRITE_EXTERNAL_STORAGE
ADDED from src/main/AndroidManifest.xml:12:5-81
MERGED from [org.ros.android_core:android_10:0.2.0] AndroidManifest.xml:12:5-81
	android:name
		ADDED from src/main/AndroidManifest.xml:12:22-78
application
ADDED from src/main/AndroidManifest.xml:14:5-46:19
MERGED from [org.ros.android_core:android_15:0.2.0] AndroidManifest.xml:16:5-20
MERGED from [com.android.support:support-v4:24.2.1] AndroidManifest.xml:25:5-20
MERGED from [com.android.support:support-compat:24.2.1] AndroidManifest.xml:25:5-20
MERGED from [com.android.support:support-media-compat:24.2.1] AndroidManifest.xml:25:5-20
MERGED from [com.android.support:support-core-utils:24.2.1] AndroidManifest.xml:25:5-20
MERGED from [com.android.support:support-core-ui:24.2.1] AndroidManifest.xml:25:5-20
MERGED from [com.android.support:support-fragment:24.2.1] AndroidManifest.xml:25:5-20
MERGED from [org.ros.android_core:android_10:0.2.0] AndroidManifest.xml:18:5-32:19
MERGED from [com.github.rosjava.android_extras:gingerbread:0.2.0] AndroidManifest.xml:9:5-20
MERGED from [com.github.rosjava.android_extras:zxing:0.2.0] AndroidManifest.xml:7:5-20
MERGED from [com.android.support:design:24.2.1] AndroidManifest.xml:22:5-20
MERGED from [com.android.support:appcompat-v7:24.2.1] AndroidManifest.xml:25:5-20
MERGED from [com.android.support:support-vector-drawable:24.2.1] AndroidManifest.xml:23:5-20
MERGED from [com.android.support:animated-vector-drawable:24.2.1] AndroidManifest.xml:22:5-20
	android:screenOrientation
		ADDED from src/main/AndroidManifest.xml:19:9-43
	android:label
		ADDED from src/main/AndroidManifest.xml:16:9-41
	android:configChanges
		ADDED from src/main/AndroidManifest.xml:20:9-59
	android:icon
		ADDED from src/main/AndroidManifest.xml:17:9-43
		REJECTED from [org.ros.android_core:android_10:0.2.0] AndroidManifest.xml:19:9-38
	android:theme
		ADDED from src/main/AndroidManifest.xml:18:9-47
	tools:replace
		ADDED from src/main/AndroidManifest.xml:15:9-37
service#com.app.org.MusicService
ADDED from src/main/AndroidManifest.xml:21:9-24:38
	android:enabled
		ADDED from src/main/AndroidManifest.xml:23:13-35
	android:exported
		ADDED from src/main/AndroidManifest.xml:24:13-36
	android:name
		ADDED from src/main/AndroidManifest.xml:22:13-41
service#org.ros.android.NodeMainExecutorService
ADDED from src/main/AndroidManifest.xml:25:9-29:19
MERGED from [org.ros.android_core:android_10:0.2.0] AndroidManifest.xml:27:9-31:19
	android:name
		ADDED from src/main/AndroidManifest.xml:25:18-72
intent-filter#org.ros.android.NodeMainExecutorService
ADDED from src/main/AndroidManifest.xml:26:13-28:29
action#org.ros.android.NodeMainExecutorService
ADDED from src/main/AndroidManifest.xml:27:17-82
	android:name
		ADDED from src/main/AndroidManifest.xml:27:25-79
activity#com.app.org.MainActivity
ADDED from src/main/AndroidManifest.xml:30:9-36:20
	android:screenOrientation
		ADDED from src/main/AndroidManifest.xml:30:19-53
	android:name
		ADDED from src/main/AndroidManifest.xml:30:54-82
intent-filter#android.intent.action.MAIN+android.intent.category.LAUNCHER
ADDED from src/main/AndroidManifest.xml:31:13-35:29
action#android.intent.action.MAIN
ADDED from src/main/AndroidManifest.xml:32:17-69
	android:name
		ADDED from src/main/AndroidManifest.xml:32:25-66
category#android.intent.category.LAUNCHER
ADDED from src/main/AndroidManifest.xml:34:17-77
	android:name
		ADDED from src/main/AndroidManifest.xml:34:27-74
activity#org.ros.android.MasterChooser
ADDED from src/main/AndroidManifest.xml:37:9-39:60
	android:screenOrientation
		ADDED from src/main/AndroidManifest.xml:38:13-47
	android:name
		ADDED from src/main/AndroidManifest.xml:39:13-57
activity#com.app.org.GameActivity
ADDED from src/main/AndroidManifest.xml:40:9-42:43
	android:screenOrientation
		ADDED from src/main/AndroidManifest.xml:41:13-47
	android:name
		ADDED from src/main/AndroidManifest.xml:42:13-41
activity#com.app.org.OptionsActivity
ADDED from src/main/AndroidManifest.xml:43:9-45:46
	android:screenOrientation
		ADDED from src/main/AndroidManifest.xml:44:13-47
	android:name
		ADDED from src/main/AndroidManifest.xml:45:13-44
uses-sdk
INJECTED from src/main/AndroidManifest.xml reason: use-sdk injection requested
MERGED from [org.ros.android_core:android_15:0.2.0] AndroidManifest.xml:7:5-9:41
MERGED from [com.android.support:support-v4:24.2.1] AndroidManifest.xml:21:5-23:54
MERGED from [com.android.support:support-compat:24.2.1] AndroidManifest.xml:21:5-23:58
MERGED from [com.android.support:support-media-compat:24.2.1] AndroidManifest.xml:21:5-23:63
MERGED from [com.android.support:support-core-utils:24.2.1] AndroidManifest.xml:21:5-23:61
MERGED from [com.android.support:support-core-ui:24.2.1] AndroidManifest.xml:21:5-23:58
MERGED from [com.android.support:support-fragment:24.2.1] AndroidManifest.xml:21:5-23:60
MERGED from [org.ros.android_core:android_10:0.2.0] AndroidManifest.xml:8:5-10:41
MERGED from [com.github.rosjava.android_remocons:common_tools:0.2.0] AndroidManifest.xml:8:5-10:41
MERGED from [com.github.rosjava.android_extras:gingerbread:0.2.0] AndroidManifest.xml:7:5-44
MERGED from [com.android.support:design:24.2.1] AndroidManifest.xml:20:5-43
MERGED from [com.android.support:appcompat-v7:24.2.1] AndroidManifest.xml:21:5-23:78
MERGED from [com.android.support:support-vector-drawable:24.2.1] AndroidManifest.xml:21:5-43
MERGED from [com.android.support:animated-vector-drawable:24.2.1] AndroidManifest.xml:20:5-44
MERGED from [com.android.support:recyclerview-v7:24.2.1] AndroidManifest.xml:20:5-43
	tools:overrideLibrary
		ADDED from [com.android.support:support-v4:24.2.1] AndroidManifest.xml:23:9-51
	android:targetSdkVersion
		INJECTED from src/main/AndroidManifest.xml
		INJECTED from src/main/AndroidManifest.xml
	android:minSdkVersion
		INJECTED from src/main/AndroidManifest.xml
		INJECTED from src/main/AndroidManifest.xml
uses-permission#android.permission.SYSTEM_ALERT_WINDOW
ADDED from [org.ros.android_core:android_10:0.2.0] AndroidManifest.xml:16:5-78
	android:name
		ADDED from [org.ros.android_core:android_10:0.2.0] AndroidManifest.xml:16:22-75
activity#org.ros.android.android_10.MasterChooser
ADDED from [org.ros.android_core:android_10:0.2.0] AndroidManifest.xml:22:9-25:47
	android:label
		ADDED from [org.ros.android_core:android_10:0.2.0] AndroidManifest.xml:24:13-45
	android:launchMode
		ADDED from [org.ros.android_core:android_10:0.2.0] AndroidManifest.xml:25:13-44
	android:name
		ADDED from [org.ros.android_core:android_10:0.2.0] AndroidManifest.xml:23:13-68
android:uses-permission#android.permission.READ_EXTERNAL_STORAGE
IMPLIED from src/main/AndroidManifest.xml:2:1-47:12 reason: org.ros.android.android_10 requested WRITE_EXTERNAL_STORAGE
android:uses-permission#android.permission.READ_PHONE_STATE
IMPLIED from src/main/AndroidManifest.xml:2:1-47:12 reason: com.google.zxing has a targetSdkVersion < 4